Dune oracle (USDT): 53 chunk(s), 7 day(s) each
  Chunk 1/53: 2025-07-01 → 2025-07-07 ...
    waiting... state=QUERY_STATE_EXECUTING
    got 12837 rows
  Chunk 2/53: 2025-07-08 → 2025-07-14 ...
    waiting... state=QUERY_STATE_EXECUTING
    got 15729 rows
  Chunk 3/53: 2025-07-15 → 2025-07-21 ...
    waiting... state=QUERY_STATE_EXECUTING
    got 20534 rows
  Chunk 4/53: 2025-07-22 → 2025-07-28 ...
    waiting... state=QUERY_STATE_EXECUTING
    got 21177 rows
  Chunk 5/53: 2025-07-29 → 2025-08-04 ...
    waiting... state=QUERY_STATE_EXECUTING
    got 43060 rows
  Chunk 6/53: 2025-08-05 → 2025-08-11 ...
    waiting... state=QUERY_STATE_EXECUTING
    got 35820 rows
  Chunk 7/53: 2025-08-12 → 2025-08-18 ...
    waiting... state=QUERY_STATE_EXECUTING
    got 29891 rows
  Chunk 8/53: 2025-08-19 → 2025-08-25 ...
    waiting... state=QUERY_STATE_EXECUTING
    got 22946 rows
  Chunk 9/53: 2025-08-26 → 2025-09-01 ...
    waiting... state=QUERY_STATE_EXECUTING
    got 16676 rows
  Chunk 10/53: 2025-09-02 → 2025-09-08 ...
    waiting... state=QUERY_STATE_EXECUTING
    got 13808 rows
  Chunk 11/53: 2025-09-09 → 2025-09-15 ...
    waiting... state=QUERY_STATE_EXECUTING
    got 15226 rows
  Chunk 12/53: 2025-09-16 → 2025-09-22 ...
    waiting... state=QUERY_STATE_EXECUTING
    got 20473 rows
  Chunk 13/53: 2025-09-23 → 2025-09-29 ...
    waiting... state=QUERY_STATE_EXECUTING
    got 32826 rows
  Chunk 14/53: 2025-09-30 → 2025-10-06 ...
    waiting... state=QUERY_STATE_EXECUTING
    got 16770 rows
  Chunk 15/53: 2025-10-07 → 2025-10-13 ...
    waiting... state=QUERY_STATE_EXECUTING
    got 18188 rows
  Chunk 16/53: 2025-10-14 → 2025-10-20 ...
    waiting... state=QUERY_STATE_EXECUTING
    got 12970 rows
  Chunk 17/53: 2025-10-21 → 2025-10-27 ...
    waiting... state=QUERY_STATE_EXECUTING
    got 12388 rows
  Chunk 18/53: 2025-10-28 → 2025-11-03 ...
    waiting... state=QUERY_STATE_EXECUTING
    got 12598 rows
  Chunk 19/53: 2025-11-04 → 2025-11-10 ...
    waiting... state=QUERY_STATE_EXECUTING
    got 17857 rows
  Chunk 20/53: 2025-11-11 → 2025-11-17 ...
    waiting... state=QUERY_STATE_EXECUTING
    got 14682 rows
  Chunk 21/53: 2025-11-18 → 2025-11-24 ...
    waiting... state=QUERY_STATE_EXECUTING
    got 16573 rows
  Chunk 22/53: 2025-11-25 → 2025-12-01 ...
    waiting... state=QUERY_STATE_EXECUTING
    got 13320 rows
  Chunk 23/53: 2025-12-02 → 2025-12-08 ...
    waiting... state=QUERY_STATE_EXECUTING
    got 10524 rows
  Chunk 24/53: 2025-12-09 → 2025-12-15 ...
    waiting... state=QUERY_STATE_EXECUTING
    got 9906 rows
  Chunk 25/53: 2025-12-16 → 2025-12-22 ...
    waiting... state=QUERY_STATE_EXECUTING
    got 8691 rows
  Chunk 26/53: 2025-12-23 → 2025-12-29 ...
    waiting... state=QUERY_STATE_EXECUTING
    got 6330 rows
  Chunk 27/53: 2025-12-30 → 2026-01-05 ...
    waiting... state=QUERY_STATE_EXECUTING
    got 7609 rows
  Chunk 28/53: 2026-01-06 → 2026-01-12 ...
    got 7774 rows
  Chunk 29/53: 2026-01-13 → 2026-01-19 ...
    waiting... state=QUERY_STATE_EXECUTING
    got 9827 rows
  Chunk 30/53: 2026-01-20 → 2026-01-26 ...
    waiting... state=QUERY_STATE_EXECUTING
    got 11850 rows
  Chunk 31/53: 2026-01-27 → 2026-02-02 ...
    waiting... state=QUERY_STATE_EXECUTING
    got 18572 rows
  Chunk 32/53: 2026-02-03 → 2026-02-09 ...
    waiting... state=QUERY_STATE_EXECUTING
    got 25364 rows
  Chunk 33/53: 2026-02-10 → 2026-02-16 ...
    waiting... state=QUERY_STATE_EXECUTING
    got 13999 rows
  Chunk 34/53: 2026-02-17 → 2026-02-23 ...
    waiting... state=QUERY_STATE_EXECUTING
    got 13579 rows
  Chunk 35/53: 2026-02-24 → 2026-03-02 ...
    waiting... state=QUERY_STATE_EXECUTING
    got 14685 rows
  Chunk 36/53: 2026-03-03 → 2026-03-09 ...
    waiting... state=QUERY_STATE_EXECUTING
    got 11451 rows
  Chunk 37/53: 2026-03-10 → 2026-03-16 ...
    waiting... state=QUERY_STATE_EXECUTING
    got 12040 rows
  Chunk 38/53: 2026-03-17 → 2026-03-23 ...
    waiting... state=QUERY_STATE_EXECUTING
    got 11636 rows
  Chunk 39/53: 2026-03-24 → 2026-03-30 ...
    waiting... state=QUERY_STATE_EXECUTING
    got 10249 rows
  Chunk 40/53: 2026-03-31 → 2026-04-06 ...
    got 10313 rows
  Chunk 41/53: 2026-04-07 → 2026-04-13 ...
    waiting... state=QUERY_STATE_EXECUTING
    got 10066 rows
  Chunk 42/53: 2026-04-14 → 2026-04-20 ...
    waiting... state=QUERY_STATE_EXECUTING
    got 17595 rows
  Chunk 43/53: 2026-04-21 → 2026-04-27 ...
    waiting... state=QUERY_STATE_EXECUTING
    got 7717 rows
  Chunk 44/53: 2026-04-28 → 2026-05-04 ...
    waiting... state=QUERY_STATE_EXECUTING
    got 4009 rows
  Chunk 45/53: 2026-05-05 → 2026-05-11 ...
    waiting... state=QUERY_STATE_EXECUTING
    got 4914 rows
  Chunk 46/53: 2026-05-12 → 2026-05-18 ...
    waiting... state=QUERY_STATE_EXECUTING
    got 4993 rows
  Chunk 47/53: 2026-05-19 → 2026-05-25 ...
    waiting... state=QUERY_STATE_EXECUTING
    got 6428 rows
  Chunk 48/53: 2026-05-26 → 2026-06-01 ...
    waiting... state=QUERY_STATE_EXECUTING
    got 7605 rows
  Chunk 49/53: 2026-06-02 → 2026-06-08 ...
    waiting... state=QUERY_STATE_EXECUTING
    got 20079 rows
  Chunk 50/53: 2026-06-09 → 2026-06-15 ...
    waiting... state=QUERY_STATE_EXECUTING
    got 30895 rows
  Chunk 51/53: 2026-06-16 → 2026-06-22 ...
    waiting... state=QUERY_STATE_EXECUTING
    got 10736 rows
  Chunk 52/53: 2026-06-23 → 2026-06-29 ...
    waiting... state=QUERY_STATE_EXECUTING
    got 10310 rows
  Chunk 53/53: 2026-06-30 → 2026-06-30 ...
    waiting... state=QUERY_STATE_EXECUTING
    got 1736 rows
Saved 424226 oracle price records to data/chainlink_usdt_2025-07_2026-06.csv
